<?xml version="1.0" encoding="UTF-8"?>
<!-- Generated by org.testng.reporters.JUnitXMLReporter -->
<testsuite ignored="0" hostname="LAPTOP-FG2Q0DK7" failures="0" tests="2" name="Default test" time="0.111" errors="0" timestamp="2023-05-27T23:03:38 IST">
  <testcase classname="TestNGClasses.VerifyTheLoginPage" name="@BeforeTest openBrowser" time="-1.685208818568E9">
    <failure type="org.testng.TestNGException" message="
Parameter &amp;apos;browser&amp;apos; is required by BeforeTest on method openBrowser but has not been marked @Optional or defined
in C:\Users\Hp\AppData\Local\Temp\testng-eclipse-1094057466\testng-customsuite.xml">
      <![CDATA[org.testng.TestNGException: 
Parameter 'browser' is required by BeforeTest on method openBrowser but has not been marked @Optional or defined
in C:\Users\Hp\AppData\Local\Temp\testng-eclipse-1094057466\testng-customsuite.xml
at org.testng.internal.Parameters.createParams(Parameters.java:270)
at org.testng.internal.Parameters.createParametersForMethod(Parameters.java:358)
at org.testng.internal.Parameters.createParameters(Parameters.java:700)
at org.testng.internal.Parameters.createConfigurationParameters(Parameters.java:168)
at org.testng.internal.ConfigInvoker.invokeConfigurations(ConfigInvoker.java:302)
at org.testng.TestRunner.invokeTestConfigurations(TestRunner.java:637)
at org.testng.TestRunner.beforeRun(TestRunner.java:627)
at org.testng.TestRunner.run(TestRunner.java:589)
at org.testng.SuiteRunner.runTest(SuiteRunner.java:377)
at org.testng.SuiteRunner.runSequentially(SuiteRunner.java:371)
at org.testng.SuiteRunner.privateRun(SuiteRunner.java:332)
at org.testng.SuiteRunner.run(SuiteRunner.java:276)
at org.testng.SuiteRunnerWorker.runSuite(SuiteRunnerWorker.java:53)
at org.testng.SuiteRunnerWorker.run(SuiteRunnerWorker.java:96)
at org.testng.TestNG.runSuitesSequentially(TestNG.java:1212)
at org.testng.TestNG.runSuitesLocally(TestNG.java:1134)
at org.testng.TestNG.runSuites(TestNG.java:1063)
at org.testng.TestNG.run(TestNG.java:1031)
at org.testng.remote.AbstractRemoteTestNG.run(AbstractRemoteTestNG.java:115)
at org.testng.remote.RemoteTestNG.initAndRun(RemoteTestNG.java:251)
at org.testng.remote.RemoteTestNG.main(RemoteTestNG.java:77)
]]>
    </failure>
  </testcase> <!-- @BeforeTest openBrowser -->
  <testcase classname="TestNGClasses.VerifyTheLoginPage" name="@BeforeClass openUrlOfFacebook" time="-1.685208818607E9">
    <skipped/>
  </testcase> <!-- @BeforeClass openUrlOfFacebook -->
  <testcase classname="TestNGClasses.VerifyTheLoginPage" name="@BeforeMethod feedDetails" time="-1.685208818638E9">
    <skipped/>
  </testcase> <!-- @BeforeMethod feedDetails -->
  <testcase classname="TestNGClasses.VerifyTheLoginPage" name="@AfterMethod afterMethod" time="-1.685208818651E9">
    <skipped/>
  </testcase> <!-- @AfterMethod afterMethod -->
  <testcase classname="TestNGClasses.VerifyTheLoginPage" name="@BeforeMethod feedDetails" time="-1.685208818654E9">
    <skipped/>
  </testcase> <!-- @BeforeMethod feedDetails -->
  <testcase classname="TestNGClasses.VerifyTheLoginPage" name="@AfterMethod afterMethod" time="-1.68520881866E9">
    <skipped/>
  </testcase> <!-- @AfterMethod afterMethod -->
  <testcase classname="TestNGClasses.VerifyTheLoginPage" name="@AfterClass clearObjects" time="-1.685208818663E9">
    <skipped/>
  </testcase> <!-- @AfterClass clearObjects -->
  <testcase classname="TestNGClasses.VerifyTheLoginPage" name="@AfterTest closeBrowser" time="-1.685208818669E9">
    <skipped/>
  </testcase> <!-- @AfterTest closeBrowser -->
  <testcase classname="TestNGClasses.VerifyTheLoginPage" name="verifyTheFunctionalityOfLogInButton" time="0.0">
    <skipped/>
  </testcase> <!-- verifyTheFunctionalityOfLogInButton -->
  <testcase classname="TestNGClasses.VerifyTheLoginPage" name="verifyTheFunctionalityOfLogInButtonSecond" time="0.0">
    <skipped/>
  </testcase> <!-- verifyTheFunctionalityOfLogInButtonSecond -->
</testsuite> <!-- Default test -->
